<?xml version="1.0" encoding="UTF-8"?>
<!-- Generated by org.testng.reporters.JUnitXMLReporter -->
<testsuite ignored="0" hostname="LIN65004458" failures="1" tests="2" name="Error validations" time="32.516" errors="0" timestamp="2025-02-06T22:15:27 IST">
  <testcase classname="frameworks.ErrorValidationTest" name="errorMessageTest" time="1.305"/>
  <testcase classname="frameworks.ErrorValidationTest" name="productValidation" time="13.398">
    <failure type="java.lang.AssertionError" message="expected [true] but found [false]">
      <![CDATA[java.lang.AssertionError: expected [true] but found [false]
at frameworks.ErrorValidationTest.productValidation(ErrorValidationTest.java:47)
at java.base/java.util.ArrayList.forEach(ArrayList.java:1596)
at java.base/java.util.concurrent.FutureTask.run(FutureTask.java:317)
at java.base/java.util.concurrent.ThreadPoolExecutor.runWorker(ThreadPoolExecutor.java:1144)
at java.base/java.util.concurrent.ThreadPoolExecutor$Worker.run(ThreadPoolExecutor.java:642)
at java.base/java.lang.Thread.run(Thread.java:1583)
... Removed 19 stack frames]]>
    </failure>
  </testcase> <!-- productValidation -->
</testsuite> <!-- Error validations -->
