<?xml version="1.0" encoding="UTF-8"?>
<!-- Generated by org.testng.reporters.JUnitXMLReporter -->
<testsuite ignored="0" hostname="LIN65004458" failures="1" tests="1" name="Surefire test" time="21.837" errors="0" timestamp="2025-02-10T14:50:36 IST">
  <testcase classname="io.cucumber.testng.AbstractTestNGCucumberTests" name="runScenario" time="21.189">
    <failure type="java.lang.AssertionError" message="expected [true] but found [false]">
      <![CDATA[java.lang.AssertionError: expected [true] but found [false]
at stepDefinitions.OrderStepDefiniton.checkout_submit_order(OrderStepDefiniton.java:54)
at âœ½.Checkout "IPHONE" and submit the order(file:///C:/Users/kakpavan/eclipse-workspace/SeleniumFramework25/src/test/java/cucumber/SubmitOrder.feature:15)
... Removed 4 stack frames]]>
    </failure>
  </testcase> <!-- runScenario -->
</testsuite> <!-- Surefire test -->
